d:\uygulamalar\tez bıtı bıtıyor\consoleapplıcatıon resımden\consoleapplıcatıon2\x64\debug\consoleapplıcatıon2.pch
d:\uygulamalar\tez bıtı bıtıyor\consoleapplıcatıon resımden\consoleapplıcatıon2\x64\debug\vc120.pdb
d:\uygulamalar\tez bıtı bıtıyor\consoleapplıcatıon resımden\consoleapplıcatıon2\x64\debug\vc120.ıdb
d:\uygulamalar\tez bıtı bıtıyor\consoleapplıcatıon resımden\consoleapplıcatıon2\x64\debug\stdafx.obj
d:\uygulamalar\tez bıtı bıtıyor\consoleapplıcatıon resımden\x64\debug\consoleapplıcatıon2.ılk
d:\uygulamalar\tez bıtı bıtıyor\consoleapplıcatıon resımden\x64\debug\consoleapplıcatıon2.exe
d:\uygulamalar\tez bıtı bıtıyor\consoleapplıcatıon resımden\x64\debug\consoleapplıcatıon2.pdb
d:\uygulamalar\tez biti bitiyor\consoleapplication resimden\consoleapplication2\x64\debug\stdafx.obj
d:\uygulamalar\tez biti bitiyor\consoleapplication resimden\consoleapplication2\x64\debug\consoleapplication2.pch
d:\uygulamalar\tez biti bitiyor\consoleapplication resimden\consoleapplication2\x64\debug\vc120.idb
d:\uygulamalar\tez biti bitiyor\consoleapplication resimden\consoleapplication2\x64\debug\vc120.pdb
d:\uygulamalar\tez biti bitiyor\consoleapplication resimden\x64\debug\consoleapplication2.pdb
d:\uygulamalar\tez biti bitiyor\consoleapplication resimden\x64\debug\consoleapplication2.exe
d:\uygulamalar\tez biti bitiyor\consoleapplication resimden\x64\debug\consoleapplication2.ilk
d:\uygulamalar\tez biti bitiyor\consoleapplication resimden\consoleapplication2\x64\debug\consolea.e208a720.tlog\cl.command.1.tlog
d:\uygulamalar\tez biti bitiyor\consoleapplication resimden\consoleapplication2\x64\debug\consolea.e208a720.tlog\cl.read.1.tlog
d:\uygulamalar\tez biti bitiyor\consoleapplication resimden\consoleapplication2\x64\debug\consolea.e208a720.tlog\cl.write.1.tlog
d:\uygulamalar\tez biti bitiyor\consoleapplication resimden\consoleapplication2\x64\debug\consolea.e208a720.tlog\link.command.1.tlog
d:\uygulamalar\tez biti bitiyor\consoleapplication resimden\consoleapplication2\x64\debug\consolea.e208a720.tlog\link.read.1.tlog
d:\uygulamalar\tez biti bitiyor\consoleapplication resimden\consoleapplication2\x64\debug\consolea.e208a720.tlog\link.write.1.tlog
